<?xml version="1.0" encoding="UTF-8"?>
<robot generator="Robot 6.1 (Python 3.11.7 on win32)" generated="20241231 12:34:19.404" rpa="false" schemaversion="4">
<suite id="s1" name="TC2" source="C:\Users\Win10\PycharmProjects\Robot_Stefan\Tests\Week2\TC2.robot">
<test id="s1-t1" name="TC2: Check Main Page Footer" line="10">
<kw name="Open Browser" library="SeleniumLibrary">
<arg>${URL}</arg>
<arg>Chrome</arg>
<doc>Opens a new browser instance to the optional ``url``.</doc>
<msg timestamp="20241231 12:34:19.779" level="INFO">Opening browser 'Chrome' to base url 'https://www.avisto-eastern.com/'.</msg>
<status status="PASS" starttime="20241231 12:34:19.779" endtime="20241231 12:34:26.547"/>
</kw>
<kw name="Maximize Browser Window" library="SeleniumLibrary">
<doc>Maximizes current browser window.</doc>
<status status="PASS" starttime="20241231 12:34:26.553" endtime="20241231 12:34:26.820"/>
</kw>
<kw name="Title Should Be" library="SeleniumLibrary">
<arg>Home &lt; Avisto Eastern Europe</arg>
<doc>Verifies that the current page title equals ``title``.</doc>
<msg timestamp="20241231 12:34:26.907" level="INFO">Page title is 'Home &lt; Avisto Eastern Europe'.</msg>
<status status="PASS" starttime="20241231 12:34:26.835" endtime="20241231 12:34:26.907"/>
</kw>
<kw name="Execute Javascript" library="SeleniumLibrary">
<arg>window.scrollTo(0, document.body.scrollHeight);</arg>
<doc>Executes the given JavaScript code with possible arguments.</doc>
<msg timestamp="20241231 12:34:26.909" level="INFO">Executing JavaScript:
window.scrollTo(0, document.body.scrollHeight);
Without any arguments.</msg>
<status status="PASS" starttime="20241231 12:34:26.907" endtime="20241231 12:34:27.028"/>
</kw>
<kw name="Sleep" library="BuiltIn">
<arg>3s</arg>
<doc>Pauses the test executed for the given time.</doc>
<msg timestamp="20241231 12:34:30.032" level="INFO">Slept 3 seconds</msg>
<status status="PASS" starttime="20241231 12:34:27.030" endtime="20241231 12:34:30.033"/>
</kw>
<kw name="Check Expertise Links">
<kw name="Create List" library="BuiltIn">
<var>${links}</var>
<arg>Application Software</arg>
<arg>Embedded Software</arg>
<arg>DevOps</arg>
<arg>Quality Assurance</arg>
<arg>Industrial Automation</arg>
<doc>Returns a list containing given items.</doc>
<msg timestamp="20241231 12:34:30.036" level="INFO">${links} = ['Application Software', 'Embedded Software', 'DevOps', 'Quality Assurance', 'Industrial Automation']</msg>
<status status="PASS" starttime="20241231 12:34:30.035" endtime="20241231 12:34:30.036"/>
</kw>
<for flavor="IN">
<var>${link}</var>
<value>@{links}</value>
<iter>
<var name="${link}">Application Software</var>
<kw name="Check Expertise Link Exists">
<arg>${link}</arg>
<kw name="Run Keyword And Continue On Failure" library="BuiltIn">
<arg>Element Should Be Visible</arg>
<arg>//a[normalize-space(text())='${link_name}']</arg>
<doc>Runs the keyword and continues execution even if a failure occurs.</doc>
<kw name="Element Should Be Visible" library="SeleniumLibrary">
<arg>//a[normalize-space(text())='${link_name}']</arg>
<doc>Verifies that the element identified by ``locator`` is visible.</doc>
<msg timestamp="20241231 12:34:30.110" level="INFO">Element '//a[normalize-space(text())='Application Software']' is displayed.</msg>
<status status="PASS" starttime="20241231 12:34:30.039" endtime="20241231 12:34:30.110"/>
</kw>
<status status="PASS" starttime="20241231 12:34:30.038" endtime="20241231 12:34:30.110"/>
</kw>
<kw name="Run Keyword And Continue On Failure" library="BuiltIn">
<arg>click element</arg>
<arg>//a[normalize-space(text())='${link_name}']</arg>
<doc>Runs the keyword and continues execution even if a failure occurs.</doc>
<kw name="Click Element" library="SeleniumLibrary">
<arg>//a[normalize-space(text())='${link_name}']</arg>
<doc>Click the element identified by ``locator``.</doc>
<msg timestamp="20241231 12:34:30.112" level="INFO">Clicking element '//a[normalize-space(text())='Application Software']'.</msg>
<status status="PASS" starttime="20241231 12:34:30.111" endtime="20241231 12:34:32.120"/>
</kw>
<status status="PASS" starttime="20241231 12:34:30.110" endtime="20241231 12:34:32.120"/>
</kw>
<kw name="Run Keyword And Continue On Failure" library="BuiltIn">
<arg>Wait Until Element Is Visible</arg>
<arg>//a[translate(normalize-space(text()), 'abcdefghijklmnopqrstuvwxyz', 'ABCDEFGHIJKLMNOPQRSTUVWXYZ')='${link_name.upper()}']</arg>
<arg>timeout=10s</arg>
<doc>Runs the keyword and continues execution even if a failure occurs.</doc>
<kw name="Wait Until Element Is Visible" library="SeleniumLibrary">
<arg>//a[translate(normalize-space(text()), 'abcdefghijklmnopqrstuvwxyz', 'ABCDEFGHIJKLMNOPQRSTUVWXYZ')='${link_name.upper()}']</arg>
<arg>timeout=10s</arg>
<doc>Waits until the element ``locator`` is visible.</doc>
<status status="PASS" starttime="20241231 12:34:32.121" endtime="20241231 12:34:32.216"/>
</kw>
<status status="PASS" starttime="20241231 12:34:32.120" endtime="20241231 12:34:32.216"/>
</kw>
<kw name="Run Keyword And Continue On Failure" library="BuiltIn">
<arg>Go Back</arg>
<doc>Runs the keyword and continues execution even if a failure occurs.</doc>
<kw name="Go Back" library="SeleniumLibrary">
<doc>Simulates the user clicking the back button on their browser.</doc>
<status status="PASS" starttime="20241231 12:34:32.218" endtime="20241231 12:34:32.689"/>
</kw>
<status status="PASS" starttime="20241231 12:34:32.216" endtime="20241231 12:34:32.690"/>
</kw>
<status status="PASS" starttime="20241231 12:34:30.038" endtime="20241231 12:34:32.690"/>
</kw>
<status status="PASS" starttime="20241231 12:34:30.037" endtime="20241231 12:34:32.690"/>
</iter>
<iter>
<var name="${link}">Embedded Software</var>
<kw name="Check Expertise Link Exists">
<arg>${link}</arg>
<kw name="Run Keyword And Continue On Failure" library="BuiltIn">
<arg>Element Should Be Visible</arg>
<arg>//a[normalize-space(text())='${link_name}']</arg>
<doc>Runs the keyword and continues execution even if a failure occurs.</doc>
<kw name="Element Should Be Visible" library="SeleniumLibrary">
<arg>//a[normalize-space(text())='${link_name}']</arg>
<doc>Verifies that the element identified by ``locator`` is visible.</doc>
<msg timestamp="20241231 12:34:32.832" level="INFO">Element '//a[normalize-space(text())='Embedded Software']' is displayed.</msg>
<status status="PASS" starttime="20241231 12:34:32.693" endtime="20241231 12:34:32.832"/>
</kw>
<status status="PASS" starttime="20241231 12:34:32.691" endtime="20241231 12:34:32.832"/>
</kw>
<kw name="Run Keyword And Continue On Failure" library="BuiltIn">
<arg>click element</arg>
<arg>//a[normalize-space(text())='${link_name}']</arg>
<doc>Runs the keyword and continues execution even if a failure occurs.</doc>
<kw name="Click Element" library="SeleniumLibrary">
<arg>//a[normalize-space(text())='${link_name}']</arg>
<doc>Click the element identified by ``locator``.</doc>
<msg timestamp="20241231 12:34:32.834" level="INFO">Clicking element '//a[normalize-space(text())='Embedded Software']'.</msg>
<status status="PASS" starttime="20241231 12:34:32.833" endtime="20241231 12:34:35.474"/>
</kw>
<status status="PASS" starttime="20241231 12:34:32.833" endtime="20241231 12:34:35.474"/>
</kw>
<kw name="Run Keyword And Continue On Failure" library="BuiltIn">
<arg>Wait Until Element Is Visible</arg>
<arg>//a[translate(normalize-space(text()), 'abcdefghijklmnopqrstuvwxyz', 'ABCDEFGHIJKLMNOPQRSTUVWXYZ')='${link_name.upper()}']</arg>
<arg>timeout=10s</arg>
<doc>Runs the keyword and continues execution even if a failure occurs.</doc>
<kw name="Wait Until Element Is Visible" library="SeleniumLibrary">
<arg>//a[translate(normalize-space(text()), 'abcdefghijklmnopqrstuvwxyz', 'ABCDEFGHIJKLMNOPQRSTUVWXYZ')='${link_name.upper()}']</arg>
<arg>timeout=10s</arg>
<doc>Waits until the element ``locator`` is visible.</doc>
<status status="PASS" starttime="20241231 12:34:35.474" endtime="20241231 12:34:35.537"/>
</kw>
<status status="PASS" starttime="20241231 12:34:35.474" endtime="20241231 12:34:35.538"/>
</kw>
<kw name="Run Keyword And Continue On Failure" library="BuiltIn">
<arg>Go Back</arg>
<doc>Runs the keyword and continues execution even if a failure occurs.</doc>
<kw name="Go Back" library="SeleniumLibrary">
<doc>Simulates the user clicking the back button on their browser.</doc>
<status status="PASS" starttime="20241231 12:34:35.538" endtime="20241231 12:34:35.628"/>
</kw>
<status status="PASS" starttime="20241231 12:34:35.538" endtime="20241231 12:34:35.628"/>
</kw>
<status status="PASS" starttime="20241231 12:34:32.690" endtime="20241231 12:34:35.628"/>
</kw>
<status status="PASS" starttime="20241231 12:34:32.690" endtime="20241231 12:34:35.628"/>
</iter>
<iter>
<var name="${link}">DevOps</var>
<kw name="Check Expertise Link Exists">
<arg>${link}</arg>
<kw name="Run Keyword And Continue On Failure" library="BuiltIn">
<arg>Element Should Be Visible</arg>
<arg>//a[normalize-space(text())='${link_name}']</arg>
<doc>Runs the keyword and continues execution even if a failure occurs.</doc>
<kw name="Element Should Be Visible" library="SeleniumLibrary">
<arg>//a[normalize-space(text())='${link_name}']</arg>
<doc>Verifies that the element identified by ``locator`` is visible.</doc>
<msg timestamp="20241231 12:34:35.682" level="INFO">Element '//a[normalize-space(text())='DevOps']' is displayed.</msg>
<status status="PASS" starttime="20241231 12:34:35.631" endtime="20241231 12:34:35.682"/>
</kw>
<status status="PASS" starttime="20241231 12:34:35.630" endtime="20241231 12:34:35.683"/>
</kw>
<kw name="Run Keyword And Continue On Failure" library="BuiltIn">
<arg>click element</arg>
<arg>//a[normalize-space(text())='${link_name}']</arg>
<doc>Runs the keyword and continues execution even if a failure occurs.</doc>
<kw name="Click Element" library="SeleniumLibrary">
<arg>//a[normalize-space(text())='${link_name}']</arg>
<doc>Click the element identified by ``locator``.</doc>
<msg timestamp="20241231 12:34:35.685" level="INFO">Clicking element '//a[normalize-space(text())='DevOps']'.</msg>
<status status="PASS" starttime="20241231 12:34:35.683" endtime="20241231 12:34:37.583"/>
</kw>
<status status="PASS" starttime="20241231 12:34:35.683" endtime="20241231 12:34:37.583"/>
</kw>
<kw name="Run Keyword And Continue On Failure" library="BuiltIn">
<arg>Wait Until Element Is Visible</arg>
<arg>//a[translate(normalize-space(text()), 'abcdefghijklmnopqrstuvwxyz', 'ABCDEFGHIJKLMNOPQRSTUVWXYZ')='${link_name.upper()}']</arg>
<arg>timeout=10s</arg>
<doc>Runs the keyword and continues execution even if a failure occurs.</doc>
<kw name="Wait Until Element Is Visible" library="SeleniumLibrary">
<arg>//a[translate(normalize-space(text()), 'abcdefghijklmnopqrstuvwxyz', 'ABCDEFGHIJKLMNOPQRSTUVWXYZ')='${link_name.upper()}']</arg>
<arg>timeout=10s</arg>
<doc>Waits until the element ``locator`` is visible.</doc>
<status status="PASS" starttime="20241231 12:34:37.583" endtime="20241231 12:34:37.648"/>
</kw>
<status status="PASS" starttime="20241231 12:34:37.583" endtime="20241231 12:34:37.648"/>
</kw>
<kw name="Run Keyword And Continue On Failure" library="BuiltIn">
<arg>Go Back</arg>
<doc>Runs the keyword and continues execution even if a failure occurs.</doc>
<kw name="Go Back" library="SeleniumLibrary">
<doc>Simulates the user clicking the back button on their browser.</doc>
<status status="PASS" starttime="20241231 12:34:37.649" endtime="20241231 12:34:37.727"/>
</kw>
<status status="PASS" starttime="20241231 12:34:37.649" endtime="20241231 12:34:37.727"/>
</kw>
<status status="PASS" starttime="20241231 12:34:35.629" endtime="20241231 12:34:37.727"/>
</kw>
<status status="PASS" starttime="20241231 12:34:35.629" endtime="20241231 12:34:37.727"/>
</iter>
<iter>
<var name="${link}">Quality Assurance</var>
<kw name="Check Expertise Link Exists">
<arg>${link}</arg>
<kw name="Run Keyword And Continue On Failure" library="BuiltIn">
<arg>Element Should Be Visible</arg>
<arg>//a[normalize-space(text())='${link_name}']</arg>
<doc>Runs the keyword and continues execution even if a failure occurs.</doc>
<kw name="Element Should Be Visible" library="SeleniumLibrary">
<arg>//a[normalize-space(text())='${link_name}']</arg>
<doc>Verifies that the element identified by ``locator`` is visible.</doc>
<msg timestamp="20241231 12:34:37.839" level="INFO">Element '//a[normalize-space(text())='Quality Assurance']' is displayed.</msg>
<status status="PASS" starttime="20241231 12:34:37.729" endtime="20241231 12:34:37.839"/>
</kw>
<status status="PASS" starttime="20241231 12:34:37.729" endtime="20241231 12:34:37.839"/>
</kw>
<kw name="Run Keyword And Continue On Failure" library="BuiltIn">
<arg>click element</arg>
<arg>//a[normalize-space(text())='${link_name}']</arg>
<doc>Runs the keyword and continues execution even if a failure occurs.</doc>
<kw name="Click Element" library="SeleniumLibrary">
<arg>//a[normalize-space(text())='${link_name}']</arg>
<doc>Click the element identified by ``locator``.</doc>
<msg timestamp="20241231 12:34:37.841" level="INFO">Clicking element '//a[normalize-space(text())='Quality Assurance']'.</msg>
<status status="PASS" starttime="20241231 12:34:37.840" endtime="20241231 12:34:39.758"/>
</kw>
<status status="PASS" starttime="20241231 12:34:37.840" endtime="20241231 12:34:39.759"/>
</kw>
<kw name="Run Keyword And Continue On Failure" library="BuiltIn">
<arg>Wait Until Element Is Visible</arg>
<arg>//a[translate(normalize-space(text()), 'abcdefghijklmnopqrstuvwxyz', 'ABCDEFGHIJKLMNOPQRSTUVWXYZ')='${link_name.upper()}']</arg>
<arg>timeout=10s</arg>
<doc>Runs the keyword and continues execution even if a failure occurs.</doc>
<kw name="Wait Until Element Is Visible" library="SeleniumLibrary">
<arg>//a[translate(normalize-space(text()), 'abcdefghijklmnopqrstuvwxyz', 'ABCDEFGHIJKLMNOPQRSTUVWXYZ')='${link_name.upper()}']</arg>
<arg>timeout=10s</arg>
<doc>Waits until the element ``locator`` is visible.</doc>
<status status="PASS" starttime="20241231 12:34:39.759" endtime="20241231 12:34:39.827"/>
</kw>
<status status="PASS" starttime="20241231 12:34:39.759" endtime="20241231 12:34:39.827"/>
</kw>
<kw name="Run Keyword And Continue On Failure" library="BuiltIn">
<arg>Go Back</arg>
<doc>Runs the keyword and continues execution even if a failure occurs.</doc>
<kw name="Go Back" library="SeleniumLibrary">
<doc>Simulates the user clicking the back button on their browser.</doc>
<status status="PASS" starttime="20241231 12:34:39.827" endtime="20241231 12:34:39.945"/>
</kw>
<status status="PASS" starttime="20241231 12:34:39.827" endtime="20241231 12:34:39.946"/>
</kw>
<status status="PASS" starttime="20241231 12:34:37.728" endtime="20241231 12:34:39.946"/>
</kw>
<status status="PASS" starttime="20241231 12:34:37.727" endtime="20241231 12:34:39.946"/>
</iter>
<iter>
<var name="${link}">Industrial Automation</var>
<kw name="Check Expertise Link Exists">
<arg>${link}</arg>
<kw name="Run Keyword And Continue On Failure" library="BuiltIn">
<arg>Element Should Be Visible</arg>
<arg>//a[normalize-space(text())='${link_name}']</arg>
<doc>Runs the keyword and continues execution even if a failure occurs.</doc>
<kw name="Element Should Be Visible" library="SeleniumLibrary">
<arg>//a[normalize-space(text())='${link_name}']</arg>
<doc>Verifies that the element identified by ``locator`` is visible.</doc>
<msg timestamp="20241231 12:34:40.437" level="INFO" html="true">&lt;/td&gt;&lt;/tr&gt;&lt;tr&gt;&lt;td colspan="3"&gt;&lt;a href="selenium-screenshot-4.png"&gt;&lt;img src="selenium-screenshot-4.png" width="800px"&gt;&lt;/a&gt;</msg>
<msg timestamp="20241231 12:34:40.437" level="FAIL">Element with locator '//a[normalize-space(text())='Industrial Automation']' not found.</msg>
<status status="FAIL" starttime="20241231 12:34:39.948" endtime="20241231 12:34:40.443"/>
</kw>
<status status="FAIL" starttime="20241231 12:34:39.947" endtime="20241231 12:34:40.443"/>
</kw>
<kw name="Run Keyword And Continue On Failure" library="BuiltIn">
<arg>click element</arg>
<arg>//a[normalize-space(text())='${link_name}']</arg>
<doc>Runs the keyword and continues execution even if a failure occurs.</doc>
<kw name="Click Element" library="SeleniumLibrary">
<arg>//a[normalize-space(text())='${link_name}']</arg>
<doc>Click the element identified by ``locator``.</doc>
<msg timestamp="20241231 12:34:40.445" level="INFO">Clicking element '//a[normalize-space(text())='Industrial Automation']'.</msg>
<msg timestamp="20241231 12:34:41.002" level="INFO" html="true">&lt;/td&gt;&lt;/tr&gt;&lt;tr&gt;&lt;td colspan="3"&gt;&lt;a href="selenium-screenshot-5.png"&gt;&lt;img src="selenium-screenshot-5.png" width="800px"&gt;&lt;/a&gt;</msg>
<msg timestamp="20241231 12:34:41.003" level="FAIL">Element with locator '//a[normalize-space(text())='Industrial Automation']' not found.</msg>
<status status="FAIL" starttime="20241231 12:34:40.443" endtime="20241231 12:34:41.005"/>
</kw>
<status status="FAIL" starttime="20241231 12:34:40.443" endtime="20241231 12:34:41.005"/>
</kw>
<kw name="Run Keyword And Continue On Failure" library="BuiltIn">
<arg>Wait Until Element Is Visible</arg>
<arg>//a[translate(normalize-space(text()), 'abcdefghijklmnopqrstuvwxyz', 'ABCDEFGHIJKLMNOPQRSTUVWXYZ')='${link_name.upper()}']</arg>
<arg>timeout=10s</arg>
<doc>Runs the keyword and continues execution even if a failure occurs.</doc>
<kw name="Wait Until Element Is Visible" library="SeleniumLibrary">
<arg>//a[translate(normalize-space(text()), 'abcdefghijklmnopqrstuvwxyz', 'ABCDEFGHIJKLMNOPQRSTUVWXYZ')='${link_name.upper()}']</arg>
<arg>timeout=10s</arg>
<doc>Waits until the element ``locator`` is visible.</doc>
<msg timestamp="20241231 12:34:51.632" level="INFO" html="true">&lt;/td&gt;&lt;/tr&gt;&lt;tr&gt;&lt;td colspan="3"&gt;&lt;a href="selenium-screenshot-6.png"&gt;&lt;img src="selenium-screenshot-6.png" width="800px"&gt;&lt;/a&gt;</msg>
<msg timestamp="20241231 12:34:51.633" level="FAIL">Element '//a[translate(normalize-space(text()), 'abcdefghijklmnopqrstuvwxyz', 'ABCDEFGHIJKLMNOPQRSTUVWXYZ')='INDUSTRIAL AUTOMATION']' not visible after 10 seconds.</msg>
<status status="FAIL" starttime="20241231 12:34:41.006" endtime="20241231 12:34:51.635"/>
</kw>
<status status="FAIL" starttime="20241231 12:34:41.005" endtime="20241231 12:34:51.635"/>
</kw>
<kw name="Run Keyword And Continue On Failure" library="BuiltIn">
<arg>Go Back</arg>
<doc>Runs the keyword and continues execution even if a failure occurs.</doc>
<kw name="Go Back" library="SeleniumLibrary">
<doc>Simulates the user clicking the back button on their browser.</doc>
<status status="PASS" starttime="20241231 12:34:51.635" endtime="20241231 12:34:51.718"/>
</kw>
<status status="PASS" starttime="20241231 12:34:51.635" endtime="20241231 12:34:51.718"/>
</kw>
<status status="FAIL" starttime="20241231 12:34:39.946" endtime="20241231 12:34:51.719"/>
</kw>
<status status="FAIL" starttime="20241231 12:34:39.946" endtime="20241231 12:34:51.719"/>
</iter>
<status status="FAIL" starttime="20241231 12:34:30.036" endtime="20241231 12:34:51.719"/>
</for>
<status status="FAIL" starttime="20241231 12:34:30.035" endtime="20241231 12:34:51.720"/>
</kw>
<kw name="Go To" library="SeleniumLibrary">
<arg>${URL}</arg>
<doc>Navigates the current browser window to the provided ``url``.</doc>
<msg timestamp="20241231 12:34:51.721" level="INFO">Opening url 'https://www.avisto-eastern.com/'</msg>
<status status="PASS" starttime="20241231 12:34:51.720" endtime="20241231 12:34:54.837"/>
</kw>
<kw name="Execute Javascript" library="SeleniumLibrary">
<arg>window.scrollTo(0, document.body.scrollHeight);</arg>
<doc>Executes the given JavaScript code with possible arguments.</doc>
<msg timestamp="20241231 12:34:54.840" level="INFO">Executing JavaScript:
window.scrollTo(0, document.body.scrollHeight);
Without any arguments.</msg>
<status status="PASS" starttime="20241231 12:34:54.839" endtime="20241231 12:34:54.903"/>
</kw>
<kw name="Check Useful Links">
<kw name="Create List" library="BuiltIn">
<var>${links}</var>
<arg>Contact Us</arg>
<arg>Open Positions</arg>
<arg>ISO certificates</arg>
<arg>Case Studies</arg>
<doc>Returns a list containing given items.</doc>
<msg timestamp="20241231 12:34:54.905" level="INFO">${links} = ['Contact Us', 'Open Positions', 'ISO certificates', 'Case Studies']</msg>
<status status="PASS" starttime="20241231 12:34:54.905" endtime="20241231 12:34:54.905"/>
</kw>
<for flavor="IN">
<var>${link}</var>
<value>@{links}</value>
<iter>
<var name="${link}">Contact Us</var>
<kw name="Check Useful Link Exists">
<arg>${link}</arg>
<kw name="Element Should Be Visible" library="SeleniumLibrary">
<arg>//a[translate(normalize-space(text()), 'abcdefghijklmnopqrstuvwxyz', 'ABCDEFGHIJKLMNOPQRSTUVWXYZ')='${link_name.upper()}']</arg>
<doc>Verifies that the element identified by ``locator`` is visible.</doc>
<msg timestamp="20241231 12:34:55.674" level="INFO">Element '//a[translate(normalize-space(text()), 'abcdefghijklmnopqrstuvwxyz', 'ABCDEFGHIJKLMNOPQRSTUVWXYZ')='CONTACT US']' is displayed.</msg>
<status status="PASS" starttime="20241231 12:34:54.905" endtime="20241231 12:34:55.674"/>
</kw>
<kw name="Click Element" library="SeleniumLibrary">
<arg>//a[translate(normalize-space(text()), 'abcdefghijklmnopqrstuvwxyz', 'ABCDEFGHIJKLMNOPQRSTUVWXYZ')='${link_name.upper()}']</arg>
<doc>Click the element identified by ``locator``.</doc>
<msg timestamp="20241231 12:34:55.675" level="INFO">Clicking element '//a[translate(normalize-space(text()), 'abcdefghijklmnopqrstuvwxyz', 'ABCDEFGHIJKLMNOPQRSTUVWXYZ')='CONTACT US']'.</msg>
<status status="PASS" starttime="20241231 12:34:55.674" endtime="20241231 12:34:58.337"/>
</kw>
<kw name="Wait Until Element Is Visible" library="SeleniumLibrary">
<arg>//a[translate(normalize-space(text()), 'abcdefghijklmnopqrstuvwxyz', 'ABCDEFGHIJKLMNOPQRSTUVWXYZ')='${link_name.upper()}']</arg>
<arg>timeout=10s</arg>
<doc>Waits until the element ``locator`` is visible.</doc>
<status status="PASS" starttime="20241231 12:34:58.338" endtime="20241231 12:34:58.448"/>
</kw>
<kw name="Go Back" library="SeleniumLibrary">
<doc>Simulates the user clicking the back button on their browser.</doc>
<status status="PASS" starttime="20241231 12:34:58.448" endtime="20241231 12:34:59.512"/>
</kw>
<status status="PASS" starttime="20241231 12:34:54.905" endtime="20241231 12:34:59.514"/>
</kw>
<status status="PASS" starttime="20241231 12:34:54.905" endtime="20241231 12:34:59.514"/>
</iter>
<iter>
<var name="${link}">Open Positions</var>
<kw name="Check Useful Link Exists">
<arg>${link}</arg>
<kw name="Element Should Be Visible" library="SeleniumLibrary">
<arg>//a[translate(normalize-space(text()), 'abcdefghijklmnopqrstuvwxyz', 'ABCDEFGHIJKLMNOPQRSTUVWXYZ')='${link_name.upper()}']</arg>
<doc>Verifies that the element identified by ``locator`` is visible.</doc>
<msg timestamp="20241231 12:34:59.686" level="INFO">Element '//a[translate(normalize-space(text()), 'abcdefghijklmnopqrstuvwxyz', 'ABCDEFGHIJKLMNOPQRSTUVWXYZ')='OPEN POSITIONS']' is displayed.</msg>
<status status="PASS" starttime="20241231 12:34:59.516" endtime="20241231 12:34:59.686"/>
</kw>
<kw name="Click Element" library="SeleniumLibrary">
<arg>//a[translate(normalize-space(text()), 'abcdefghijklmnopqrstuvwxyz', 'ABCDEFGHIJKLMNOPQRSTUVWXYZ')='${link_name.upper()}']</arg>
<doc>Click the element identified by ``locator``.</doc>
<msg timestamp="20241231 12:34:59.694" level="INFO">Clicking element '//a[translate(normalize-space(text()), 'abcdefghijklmnopqrstuvwxyz', 'ABCDEFGHIJKLMNOPQRSTUVWXYZ')='OPEN POSITIONS']'.</msg>
<status status="PASS" starttime="20241231 12:34:59.686" endtime="20241231 12:35:01.847"/>
</kw>
<kw name="Wait Until Element Is Visible" library="SeleniumLibrary">
<arg>//a[translate(normalize-space(text()), 'abcdefghijklmnopqrstuvwxyz', 'ABCDEFGHIJKLMNOPQRSTUVWXYZ')='${link_name.upper()}']</arg>
<arg>timeout=10s</arg>
<doc>Waits until the element ``locator`` is visible.</doc>
<status status="PASS" starttime="20241231 12:35:01.848" endtime="20241231 12:35:01.914"/>
</kw>
<kw name="Go Back" library="SeleniumLibrary">
<doc>Simulates the user clicking the back button on their browser.</doc>
<status status="PASS" starttime="20241231 12:35:01.914" endtime="20241231 12:35:04.436"/>
</kw>
<status status="PASS" starttime="20241231 12:34:59.515" endtime="20241231 12:35:04.437"/>
</kw>
<status status="PASS" starttime="20241231 12:34:59.515" endtime="20241231 12:35:04.437"/>
</iter>
<iter>
<var name="${link}">ISO certificates</var>
<kw name="Check Useful Link Exists">
<arg>${link}</arg>
<kw name="Element Should Be Visible" library="SeleniumLibrary">
<arg>//a[translate(normalize-space(text()), 'abcdefghijklmnopqrstuvwxyz', 'ABCDEFGHIJKLMNOPQRSTUVWXYZ')='${link_name.upper()}']</arg>
<doc>Verifies that the element identified by ``locator`` is visible.</doc>
<msg timestamp="20241231 12:35:04.519" level="INFO">Element '//a[translate(normalize-space(text()), 'abcdefghijklmnopqrstuvwxyz', 'ABCDEFGHIJKLMNOPQRSTUVWXYZ')='ISO CERTIFICATES']' is displayed.</msg>
<status status="PASS" starttime="20241231 12:35:04.438" endtime="20241231 12:35:04.519"/>
</kw>
<kw name="Click Element" library="SeleniumLibrary">
<arg>//a[translate(normalize-space(text()), 'abcdefghijklmnopqrstuvwxyz', 'ABCDEFGHIJKLMNOPQRSTUVWXYZ')='${link_name.upper()}']</arg>
<doc>Click the element identified by ``locator``.</doc>
<msg timestamp="20241231 12:35:04.519" level="INFO">Clicking element '//a[translate(normalize-space(text()), 'abcdefghijklmnopqrstuvwxyz', 'ABCDEFGHIJKLMNOPQRSTUVWXYZ')='ISO CERTIFICATES']'.</msg>
<status status="PASS" starttime="20241231 12:35:04.519" endtime="20241231 12:35:06.333"/>
</kw>
<kw name="Wait Until Element Is Visible" library="SeleniumLibrary">
<arg>//a[translate(normalize-space(text()), 'abcdefghijklmnopqrstuvwxyz', 'ABCDEFGHIJKLMNOPQRSTUVWXYZ')='${link_name.upper()}']</arg>
<arg>timeout=10s</arg>
<doc>Waits until the element ``locator`` is visible.</doc>
<status status="PASS" starttime="20241231 12:35:06.333" endtime="20241231 12:35:06.411"/>
</kw>
<kw name="Go Back" library="SeleniumLibrary">
<doc>Simulates the user clicking the back button on their browser.</doc>
<status status="PASS" starttime="20241231 12:35:06.411" endtime="20241231 12:35:06.599"/>
</kw>
<status status="PASS" starttime="20241231 12:35:04.438" endtime="20241231 12:35:06.599"/>
</kw>
<status status="PASS" starttime="20241231 12:35:04.437" endtime="20241231 12:35:06.599"/>
</iter>
<iter>
<var name="${link}">Case Studies</var>
<kw name="Check Useful Link Exists">
<arg>${link}</arg>
<kw name="Element Should Be Visible" library="SeleniumLibrary">
<arg>//a[translate(normalize-space(text()), 'abcdefghijklmnopqrstuvwxyz', 'ABCDEFGHIJKLMNOPQRSTUVWXYZ')='${link_name.upper()}']</arg>
<doc>Verifies that the element identified by ``locator`` is visible.</doc>
<msg timestamp="20241231 12:35:06.658" level="INFO">Element '//a[translate(normalize-space(text()), 'abcdefghijklmnopqrstuvwxyz', 'ABCDEFGHIJKLMNOPQRSTUVWXYZ')='CASE STUDIES']' is displayed.</msg>
<status status="PASS" starttime="20241231 12:35:06.601" endtime="20241231 12:35:06.658"/>
</kw>
<kw name="Click Element" library="SeleniumLibrary">
<arg>//a[translate(normalize-space(text()), 'abcdefghijklmnopqrstuvwxyz', 'ABCDEFGHIJKLMNOPQRSTUVWXYZ')='${link_name.upper()}']</arg>
<doc>Click the element identified by ``locator``.</doc>
<msg timestamp="20241231 12:35:06.659" level="INFO">Clicking element '//a[translate(normalize-space(text()), 'abcdefghijklmnopqrstuvwxyz', 'ABCDEFGHIJKLMNOPQRSTUVWXYZ')='CASE STUDIES']'.</msg>
<status status="PASS" starttime="20241231 12:35:06.658" endtime="20241231 12:35:10.174"/>
</kw>
<kw name="Wait Until Element Is Visible" library="SeleniumLibrary">
<arg>//a[translate(normalize-space(text()), 'abcdefghijklmnopqrstuvwxyz', 'ABCDEFGHIJKLMNOPQRSTUVWXYZ')='${link_name.upper()}']</arg>
<arg>timeout=10s</arg>
<doc>Waits until the element ``locator`` is visible.</doc>
<status status="PASS" starttime="20241231 12:35:10.174" endtime="20241231 12:35:10.275"/>
</kw>
<kw name="Go Back" library="SeleniumLibrary">
<doc>Simulates the user clicking the back button on their browser.</doc>
<status status="PASS" starttime="20241231 12:35:10.275" endtime="20241231 12:35:10.363"/>
</kw>
<status status="PASS" starttime="20241231 12:35:06.600" endtime="20241231 12:35:10.363"/>
</kw>
<status status="PASS" starttime="20241231 12:35:06.600" endtime="20241231 12:35:10.363"/>
</iter>
<status status="PASS" starttime="20241231 12:34:54.905" endtime="20241231 12:35:10.363"/>
</for>
<status status="PASS" starttime="20241231 12:34:54.905" endtime="20241231 12:35:10.363"/>
</kw>
<kw name="Close Browser" library="SeleniumLibrary">
<doc>Closes the current browser.</doc>
<status status="PASS" starttime="20241231 12:35:10.365" endtime="20241231 12:35:12.935"/>
</kw>
<status status="FAIL" starttime="20241231 12:34:19.779" endtime="20241231 12:35:12.935">Several failures occurred:

1) Element with locator '//a[normalize-space(text())='Industrial Automation']' not found.

2) Element with locator '//a[normalize-space(text())='Industrial Automation']' not found.

3) Element '//a[translate(normalize-space(text()), 'abcdefghijklmnopqrstuvwxyz', 'ABCDEFGHIJKLMNOPQRSTUVWXYZ')='INDUSTRIAL AUTOMATION']' not visible after 10 seconds.</status>
</test>
<status status="FAIL" starttime="20241231 12:34:19.404" endtime="20241231 12:35:12.935"/>
</suite>
<statistics>
<total>
<stat pass="0" fail="1" skip="0">All Tests</stat>
</total>
<tag>
</tag>
<suite>
<stat pass="0" fail="1" skip="0" id="s1" name="TC2">TC2</stat>
</suite>
</statistics>
<errors>
</errors>
</robot>
